0 info it worked if it ends with ok
1 verbose cli [ '/usr/local/bin/node', '/usr/local/bin/npm', 'run', 'scss' ]
2 info using npm@3.10.10
3 info using node@v6.11.2
4 verbose run-script [ 'prescss', 'scss', 'postscss' ]
5 info lifecycle edupro@1.0.0~prescss: edupro@1.0.0
6 silly lifecycle edupro@1.0.0~prescss: no script for prescss, continuing
7 info lifecycle edupro@1.0.0~scss: edupro@1.0.0
8 verbose lifecycle edupro@1.0.0~scss: unsafe-perm in lifecycle true
9 verbose lifecycle edupro@1.0.0~scss: PATH: /usr/local/lib/node_modules/npm/bin/node-gyp-bin:/home/abbey/Documents/Web Programming Codes/HTML/edupro/node_modules/.bin:/usr/home/abbey/phpstorm/bin:/home/webstorm/bin/:/usr/local/hadoop/bin:/home/abbey/anaconda2/bin/anaconda:/home/abbey/anaconda2/bin:/usr/lib/jvm/java-8-openjdk-amd64/bin:/usr/local/heroku/bin:/usr/Sdk:/usr/lib/firefox:/usr/lib/node/bin:/home/abbey/bin:/home/abbey/.local/bin:/usr/local/sbin:/usr/local/bin:/usr/sbin:/usr/bin:/sbin:/bin:/usr/games:/usr/local/games:/snap/bin:/usr/local/go/bin:/home/abbey/work/bin:/opt/node/bin:/opt/node/bin:/opt/node/bin:/opt/node/bin:/root/Android/Sdk/platform-tools:/root/Android/Sdk/tools:/root/Android/Sdk/build-tools:/root/Android/Sdk:/usr/lib/go/bin:/home/abbey/work/bin
10 verbose lifecycle edupro@1.0.0~scss: CWD: /home/abbey/Documents/Web Programming Codes/HTML/edupro
11 silly lifecycle edupro@1.0.0~scss: Args: [ '-c', 'node-sass --watch assets/scss -o assets/css' ]
12 silly lifecycle edupro@1.0.0~scss: Returned: code: 1  signal: null
13 info lifecycle edupro@1.0.0~scss: Failed to exec scss script
14 verbose stack Error: edupro@1.0.0 scss: `node-sass --watch assets/scss -o assets/css`
14 verbose stack Exit status 1
14 verbose stack     at EventEmitter.<anonymous> (/usr/local/lib/node_modules/npm/lib/utils/lifecycle.js:255:16)
14 verbose stack     at emitTwo (events.js:106:13)
14 verbose stack     at EventEmitter.emit (events.js:191:7)
14 verbose stack     at ChildProcess.<anonymous> (/usr/local/lib/node_modules/npm/lib/utils/spawn.js:40:14)
14 verbose stack     at emitTwo (events.js:106:13)
14 verbose stack     at ChildProcess.emit (events.js:191:7)
14 verbose stack     at maybeClose (internal/child_process.js:891:16)
14 verbose stack     at Process.ChildProcess._handle.onexit (internal/child_process.js:226:5)
15 verbose pkgid edupro@1.0.0
16 verbose cwd /home/abbey/Documents/Web Programming Codes/HTML/edupro
17 error Linux 4.4.0-101-generic
18 error argv "/usr/local/bin/node" "/usr/local/bin/npm" "run" "scss"
19 error node v6.11.2
20 error npm  v3.10.10
21 error code ELIFECYCLE
22 error edupro@1.0.0 scss: `node-sass --watch assets/scss -o assets/css`
22 error Exit status 1
23 error Failed at the edupro@1.0.0 scss script 'node-sass --watch assets/scss -o assets/css'.
23 error Make sure you have the latest version of node.js and npm installed.
23 error If you do, this is most likely a problem with the edupro package,
23 error not with npm itself.
23 error Tell the author that this fails on your system:
23 error     node-sass --watch assets/scss -o assets/css
23 error You can get information on how to open an issue for this project with:
23 error     npm bugs edupro
23 error Or if that isn't available, you can get their info via:
23 error     npm owner ls edupro
23 error There is likely additional logging output above.
24 verbose exit [ 1, true ]
